<?xml version="1.0" encoding="UTF-8"?>
<!-- Generated by org.testng.reporters.JUnitXMLReporter -->
<testsuite hostname="LAPTOP-QHNNO0C9" ignored="0" name="Test" tests="5" failures="0" timestamp="30 Nov 2021 14:25:59 GMT" time="19.57" errors="0">
  <testcase name="logger" time="0.101" classname="com.maven.Runner_ClassTestNG"/>
  <testcase name="url" time="4.328" classname="com.maven.Runner_ClassTestNG"/>
  <testcase name="login" time="3.394" classname="com.maven.Runner_ClassTestNG"/>
  <testcase name="booking_Page" time="2.396" classname="com.maven.Runner_ClassTestNG"/>
  <testcase name="payment_Page" time="9.269" classname="com.maven.Runner_ClassTestNG"/>
</testsuite> <!-- Test -->
