<?xml version="1.0" encoding="UTF-8"?>
<!-- Generated by org.testng.reporters.JUnitXMLReporter -->
<testsuite hostname="LAPTOP-QHNNO0C9" ignored="1" name="Test" tests="7" failures="0" timestamp="25 Nov 2021 07:38:17 GMT" time="0.124" errors="0">
  <testcase name="disneyHotstar" time="0.023" classname="com.testng.Demo_Annotations"/>
  <testcase name="flipkart" time="0.007" classname="com.testng.Demo_Annotations"/>
  <testcase name="myntra" time="0.008" classname="com.testng.Demo_Annotations"/>
  <testcase name="netFlix" time="0.005" classname="com.testng.Demo_Annotations"/>
  <testcase name="primeVideo" time="0.003" classname="com.testng.Demo_Annotations"/>
  <testcase name="youtube" time="0.004" classname="com.testng.Demo_Annotations"/>
  <testcase name="zee5" time="0.002" classname="com.testng.Demo_Annotations"/>
  <testcase name="amazon" time="0.0" classname="com.testng.Demo_Annotations">
    <ignored/>
  </testcase> <!-- amazon -->
</testsuite> <!-- Test -->
